0 info it worked if it ends with ok
1 verbose cli [ '/usr/bin/node', '/usr/bin/npm', 'ci' ]
2 info using npm@6.14.4
3 info using node@v10.19.0
4 verbose config Skipping project config: /home/vareshka/.npmrc. (matches userconfig)
5 verbose npm-session f0883f77dbed8f13
6 info prepare initializing installer
7 verbose prepare starting workers
8 verbose prepare installation prefix: /home/vareshka
9 verbose checkLock verifying package-lock data
10 verbose teardown shutting down workers.
11 info teardown Done in 0.001s
12 verbose stack Error: cipm can only install packages with an existing package-lock.json or npm-shrinkwrap.json with lockfileVersion >= 1. Run an install with npm@5 or later to generate it, then try again.
12 verbose stack     at Installer.checkLock (/usr/share/npm/node_modules/libcipm/index.js:165:9)
12 verbose stack     at then.then.then.stat (/usr/share/npm/node_modules/libcipm/index.js:139:16)
13 verbose cwd /home/vareshka
14 verbose Linux 5.15.0-107-generic
15 verbose argv "/usr/bin/node" "/usr/bin/npm" "ci"
16 verbose node v10.19.0
17 verbose npm  v6.14.4
18 error cipm can only install packages with an existing package-lock.json or npm-shrinkwrap.json with lockfileVersion >= 1. Run an install with npm@5 or later to generate it, then try again.
19 verbose exit [ 1, true ]
