0 info it worked if it ends with ok
1 verbose cli [ '/usr/bin/node', '/usr/bin/npm', 'link', 'brain-games' ]
2 info using npm@6.14.4
3 info using node@v10.19.0
4 verbose npm-session 73428d969f0b2417
5 silly install loadCurrentTree
6 silly install readGlobalPackageData
7 http fetch GET 200 https://registry.npmjs.org/brain-games 1182ms
8 http fetch GET 200 https://registry.npmjs.org/brain-games/-/brain-games-1.1.5.tgz 680ms
9 silly pacote tag manifest for brain-games@latest fetched in 1885ms
10 timing stage:loadCurrentTree Completed in 1898ms
11 silly install loadIdealTree
12 silly install cloneCurrentTreeToIdealTree
13 timing stage:loadIdealTree:cloneCurrentTree Completed in 0ms
14 silly install loadShrinkwrap
15 timing stage:loadIdealTree:loadShrinkwrap Completed in 0ms
16 silly install loadAllDepsIntoIdealTree
17 silly resolveWithNewModule brain-games@1.1.5 checking installable status
18 http fetch GET 200 https://registry.npmjs.org/chalk 132ms
19 http fetch GET 200 https://registry.npmjs.org/chalk/-/chalk-1.1.3.tgz 112ms
20 silly pacote range manifest for chalk@^1.1.3 fetched in 253ms
21 silly resolveWithNewModule chalk@1.1.3 checking installable status
22 http fetch GET 200 https://registry.npmjs.org/readline-sync 294ms
23 http fetch GET 200 https://registry.npmjs.org/readline-sync/-/readline-sync-1.4.10.tgz 118ms
24 silly pacote range manifest for readline-sync@^1.4.5 fetched in 417ms
25 silly resolveWithNewModule readline-sync@1.4.10 checking installable status
26 http fetch GET 200 https://registry.npmjs.org/escape-string-regexp 122ms
27 http fetch GET 200 https://registry.npmjs.org/ansi-styles 127ms
28 http fetch GET 200 https://registry.npmjs.org/escape-string-regexp/-/escape-string-regexp-1.0.5.tgz 108ms
29 silly pacote range manifest for escape-string-regexp@^1.0.2 fetched in 234ms
30 silly resolveWithNewModule escape-string-regexp@1.0.5 checking installable status
31 http fetch GET 200 https://registry.npmjs.org/ansi-styles/-/ansi-styles-2.2.1.tgz 148ms
32 http fetch GET 200 https://registry.npmjs.org/strip-ansi 278ms
33 silly pacote range manifest for ansi-styles@^2.2.1 fetched in 285ms
34 silly resolveWithNewModule ansi-styles@2.2.1 checking installable status
35 http fetch GET 200 https://registry.npmjs.org/has-ansi 286ms
36 http fetch GET 200 https://registry.npmjs.org/supports-color 320ms
37 http fetch GET 200 https://registry.npmjs.org/has-ansi/-/has-ansi-2.0.0.tgz 110ms
38 http fetch GET 200 https://registry.npmjs.org/strip-ansi/-/strip-ansi-3.0.1.tgz 116ms
39 silly pacote range manifest for has-ansi@^2.0.0 fetched in 402ms
40 silly resolveWithNewModule has-ansi@2.0.0 checking installable status
41 silly pacote range manifest for strip-ansi@^3.0.0 fetched in 403ms
42 silly resolveWithNewModule strip-ansi@3.0.1 checking installable status
43 http fetch GET 200 https://registry.npmjs.org/supports-color/-/supports-color-2.0.0.tgz 116ms
44 silly pacote range manifest for supports-color@^2.0.0 fetched in 443ms
45 silly resolveWithNewModule supports-color@2.0.0 checking installable status
46 http fetch GET 200 https://registry.npmjs.org/ansi-regex 120ms
47 http fetch GET 200 https://registry.npmjs.org/ansi-regex/-/ansi-regex-2.1.1.tgz 148ms
48 silly pacote range manifest for ansi-regex@^2.0.0 fetched in 272ms
49 silly resolveWithNewModule ansi-regex@2.1.1 checking installable status
50 timing stage:loadIdealTree:loadAllDepsIntoIdealTree Completed in 1145ms
51 timing stage:loadIdealTree Completed in 1148ms
52 silly currentTree lib
53 silly idealTree lib
53 silly idealTree └─┬ brain-games@1.1.5
53 silly idealTree   ├── ansi-regex@2.1.1
53 silly idealTree   ├── ansi-styles@2.2.1
53 silly idealTree   ├── chalk@1.1.3
53 silly idealTree   ├── escape-string-regexp@1.0.5
53 silly idealTree   ├── has-ansi@2.0.0
53 silly idealTree   ├── readline-sync@1.4.10
53 silly idealTree   ├── strip-ansi@3.0.1
53 silly idealTree   └── supports-color@2.0.0
54 silly install generateActionsToTake
55 warn checkPermissions Missing write access to /usr/local/lib
56 timing stage:rollbackFailedOptional Completed in 0ms
57 timing stage:runTopLevelLifecycles Completed in 3051ms
58 verbose stack Error: EACCES: permission denied, access '/usr/local/lib'
59 verbose cwd /home/vareshka/frontend-project-44
60 verbose Linux 5.15.0-107-generic
61 verbose argv "/usr/bin/node" "/usr/bin/npm" "link" "brain-games"
62 verbose node v10.19.0
63 verbose npm  v6.14.4
64 error code EACCES
65 error syscall access
66 error path /usr/local/lib
67 error errno -13
68 error Error: EACCES: permission denied, access '/usr/local/lib'
68 error  { [Error: EACCES: permission denied, access '/usr/local/lib']
68 error   stack:
68 error    'Error: EACCES: permission denied, access \'/usr/local/lib\'',
68 error   errno: -13,
68 error   code: 'EACCES',
68 error   syscall: 'access',
68 error   path: '/usr/local/lib' }
69 error The operation was rejected by your operating system.
69 error It is likely you do not have the permissions to access this file as the current user
69 error
69 error If you believe this might be a permissions issue, please double-check the
69 error permissions of the file and its containing directories, or try running
69 error the command again as root/Administrator.
70 verbose exit [ -13, true ]
